
INFO:__main__:Program started
INFO:__main__:All SQL operations completed successfully
INFO:__main__:Program ended
INFO:__main__:Program started
INFO:__main__:All SQL operations completed successfully
INFO:__main__:Program ended
INFO:__main__:Program started
INFO:__main__:All SQL operations completed successfully
INFO:__main__:Program ended
INFO:__main__:Program started
INFO:__main__:All SQL operations completed successfully
INFO:__main__:Program ended
INFO:__main__:Program started
INFO:__main__:All SQL operations completed successfully
INFO:__main__:Program ended
INFO:__main__:Program started
INFO:__main__:All SQL operations completed successfully
INFO:__main__:Program ended
INFO:__main__:Program started
INFO:__main__:Program started
INFO:__main__:Program started
INFO:__main__:All SQL operations completed successfully
INFO:__main__:Program ended
INFO:__main__:Program started
INFO:__main__:All SQL operations completed successfully
INFO:__main__:Program ended
INFO:__main__:Program started
INFO:__main__:All SQL operations completed successfully
INFO:__main__:Program ended
INFO:__main__:Program started
INFO:__main__:All SQL operations completed successfully
INFO:__main__:Program ended
INFO:__main__:Program started
INFO:__main__:All SQL operations completed successfully
INFO:__main__:Program ended
INFO:__main__:Program started
INFO:__main__:All SQL operations completed successfully
INFO:__main__:Program ended
INFO:__main__:Program started
INFO:__main__:All SQL operations completed successfully
INFO:__main__:Program ended
INFO:root:Program started
INFO:root:All SQL operations completed successfully
INFO:root:Program ended
INFO:root:Program started
INFO:root:Program started
INFO:root:Program started
INFO:root:Program started
INFO:root:Program started
INFO:root:All SQL operations completed successfully
INFO:root:Program ended
INFO:root:Program started
INFO:root:All SQL operations completed successfully
INFO:root:Program ended
INFO:root:Program started
INFO:root:Program started
INFO:root:Program started
INFO:root:Program started
INFO:root:All SQL operations completed successfully
INFO:root:Program ended
INFO:root:Program started
INFO:root:Program started
INFO:root:Program started
INFO:root:All SQL operations completed successfully
INFO:root:Program ended
